<?xml version="1.0" encoding="UTF-8"?>
<testsuite xmlns:xsi="http://www.w3.org/2001/XMLSchema-instance" xsi:noNamespaceSchemaLocation="https://maven.apache.org/surefire/maven-surefire-plugin/xsd/surefire-test-report.xsd" name="edu.ncsu.csc326.coffeemaker.AddRecipeTest" time="0.008" tests="2" errors="0" skipped="0" failures="0">
  <properties>
    <property name="java.specification.version" value="17"/>
    <property name="sun.jnu.encoding" value="UTF-8"/>
    <property name="java.class.path" value="/home/draxel/dev/misc/school/testing-dit635-group-18/CoffeeMaker/target/test-classes:/home/draxel/dev/misc/school/testing-dit635-group-18/CoffeeMaker/target/classes:/home/draxel/.m2/repository/org/junit/jupiter/junit-jupiter-params/5.6.0/junit-jupiter-params-5.6.0.jar:/home/draxel/.m2/repository/org/apiguardian/apiguardian-api/1.1.0/apiguardian-api-1.1.0.jar:/home/draxel/.m2/repository/org/junit/jupiter/junit-jupiter-api/5.6.0/junit-jupiter-api-5.6.0.jar:/home/draxel/.m2/repository/org/opentest4j/opentest4j/1.2.0/opentest4j-1.2.0.jar:/home/draxel/.m2/repository/org/junit/platform/junit-platform-commons/1.6.0/junit-platform-commons-1.6.0.jar:/home/draxel/.m2/repository/org/junit/jupiter/junit-jupiter-engine/5.6.0/junit-jupiter-engine-5.6.0.jar:/home/draxel/.m2/repository/org/junit/platform/junit-platform-engine/1.6.0/junit-platform-engine-1.6.0.jar:/home/draxel/.m2/repository/org/junit/platform/junit-platform-runner/1.6.0/junit-platform-runner-1.6.0.jar:/home/draxel/.m2/repository/junit/junit/4.13/junit-4.13.jar:/home/draxel/.m2/repository/org/junit/platform/junit-platform-launcher/1.6.0/junit-platform-launcher-1.6.0.jar:/home/draxel/.m2/repository/org/junit/platform/junit-platform-suite-api/1.6.0/junit-platform-suite-api-1.6.0.jar:/home/draxel/.m2/repository/org/hamcrest/hamcrest-library/2.2/hamcrest-library-2.2.jar:/home/draxel/.m2/repository/org/hamcrest/hamcrest-core/2.2/hamcrest-core-2.2.jar:/home/draxel/.m2/repository/org/hamcrest/hamcrest/2.2/hamcrest-2.2.jar:"/>
    <property name="java.vm.vendor" value="Oracle Corporation"/>
    <property name="sun.arch.data.model" value="64"/>
    <property name="java.vendor.url" value="https://openjdk.java.net/"/>
    <property name="os.name" value="Linux"/>
    <property name="java.vm.specification.version" value="17"/>
    <property name="sun.java.launcher" value="SUN_STANDARD"/>
    <property name="user.country" value="US"/>
    <property name="sun.boot.library.path" value="/usr/lib/jvm/java-17-openjdk/lib"/>
    <property name="sun.java.command" value="/home/draxel/dev/misc/school/testing-dit635-group-18/CoffeeMaker/target/surefire/surefirebooter5125391998871342641.jar /home/draxel/dev/misc/school/testing-dit635-group-18/CoffeeMaker/target/surefire 2022-02-22T15-50-22_284-jvmRun1 surefire16191696454263377602tmp surefire_010659329964523982309tmp"/>
    <property name="jdk.debug" value="release"/>
    <property name="surefire.test.class.path" value="/home/draxel/dev/misc/school/testing-dit635-group-18/CoffeeMaker/target/test-classes:/home/draxel/dev/misc/school/testing-dit635-group-18/CoffeeMaker/target/classes:/home/draxel/.m2/repository/org/junit/jupiter/junit-jupiter-params/5.6.0/junit-jupiter-params-5.6.0.jar:/home/draxel/.m2/repository/org/apiguardian/apiguardian-api/1.1.0/apiguardian-api-1.1.0.jar:/home/draxel/.m2/repository/org/junit/jupiter/junit-jupiter-api/5.6.0/junit-jupiter-api-5.6.0.jar:/home/draxel/.m2/repository/org/opentest4j/opentest4j/1.2.0/opentest4j-1.2.0.jar:/home/draxel/.m2/repository/org/junit/platform/junit-platform-commons/1.6.0/junit-platform-commons-1.6.0.jar:/home/draxel/.m2/repository/org/junit/jupiter/junit-jupiter-engine/5.6.0/junit-jupiter-engine-5.6.0.jar:/home/draxel/.m2/repository/org/junit/platform/junit-platform-engine/1.6.0/junit-platform-engine-1.6.0.jar:/home/draxel/.m2/repository/org/junit/platform/junit-platform-runner/1.6.0/junit-platform-runner-1.6.0.jar:/home/draxel/.m2/repository/junit/junit/4.13/junit-4.13.jar:/home/draxel/.m2/repository/org/junit/platform/junit-platform-launcher/1.6.0/junit-platform-launcher-1.6.0.jar:/home/draxel/.m2/repository/org/junit/platform/junit-platform-suite-api/1.6.0/junit-platform-suite-api-1.6.0.jar:/home/draxel/.m2/repository/org/hamcrest/hamcrest-library/2.2/hamcrest-library-2.2.jar:/home/draxel/.m2/repository/org/hamcrest/hamcrest-core/2.2/hamcrest-core-2.2.jar:/home/draxel/.m2/repository/org/hamcrest/hamcrest/2.2/hamcrest-2.2.jar:"/>
    <property name="sun.cpu.endian" value="little"/>
    <property name="user.home" value="/home/draxel"/>
    <property name="user.language" value="en"/>
    <property name="java.specification.vendor" value="Oracle Corporation"/>
    <property name="java.version.date" value="2021-10-19"/>
    <property name="java.home" value="/usr/lib/jvm/java-17-openjdk"/>
    <property name="file.separator" value="/"/>
    <property name="basedir" value="/home/draxel/dev/misc/school/testing-dit635-group-18/CoffeeMaker"/>
    <property name="java.vm.compressedOopsMode" value="Zero based"/>
    <property name="line.separator" value="&#10;"/>
    <property name="java.vm.specification.vendor" value="Oracle Corporation"/>
    <property name="java.specification.name" value="Java Platform API Specification"/>
    <property name="surefire.real.class.path" value="/home/draxel/dev/misc/school/testing-dit635-group-18/CoffeeMaker/target/surefire/surefirebooter5125391998871342641.jar"/>
    <property name="sun.management.compiler" value="HotSpot 64-Bit Tiered Compilers"/>
    <property name="java.runtime.version" value="17.0.1+12"/>
    <property name="user.name" value="draxel"/>
    <property name="path.separator" value=":"/>
    <property name="os.version" value="5.16.10-zen1-1-zen"/>
    <property name="java.runtime.name" value="OpenJDK Runtime Environment"/>
    <property name="file.encoding" value="UTF-8"/>
    <property name="java.vm.name" value="OpenJDK 64-Bit Server VM"/>
    <property name="localRepository" value="/home/draxel/.m2/repository"/>
    <property name="java.vendor.url.bug" value="https://bugreport.java.com/bugreport/"/>
    <property name="java.io.tmpdir" value="/tmp"/>
    <property name="java.version" value="17.0.1"/>
    <property name="user.dir" value="/home/draxel/dev/misc/school/testing-dit635-group-18/CoffeeMaker"/>
    <property name="os.arch" value="amd64"/>
    <property name="java.vm.specification.name" value="Java Virtual Machine Specification"/>
    <property name="native.encoding" value="UTF-8"/>
    <property name="java.library.path" value="/usr/java/packages/lib:/usr/lib64:/lib64:/lib:/usr/lib"/>
    <property name="java.vm.info" value="mixed mode"/>
    <property name="java.vendor" value="N/A"/>
    <property name="java.vm.version" value="17.0.1+12"/>
    <property name="sun.io.unicode.encoding" value="UnicodeLittle"/>
    <property name="java.class.version" value="61.0"/>
  </properties>
  <testcase name="testAddRecipeThatExists" classname="edu.ncsu.csc326.coffeemaker.AddRecipeTest" time="0"/>
  <testcase name="testAddNewRecipe" classname="edu.ncsu.csc326.coffeemaker.AddRecipeTest" time="0"/>
</testsuite>